<?xml version="1.0" encoding="UTF-8"?>
<coverage generated="1595125729541" clover="3.2.0">
  <project timestamp="1595125729541" name="All files">
    <metrics statements="50" coveredstatements="37" conditionals="19" coveredconditionals="13" methods="23" coveredmethods="17" elements="92" coveredelements="67" complexity="0" loc="50" ncloc="50" packages="6" files="18" classes="18"/>
    <package name="client.actions">
      <metrics statements="7" coveredstatements="4" conditionals="0" coveredconditionals="0" methods="3" coveredmethods="0"/>
      <file name="campsites.js" path="/home/eda/workspace/Kiwi-Roadies/client/actions/campsites.js">
        <metrics statements="2" coveredstatements="1" conditionals="0" coveredconditionals="0" methods="1" coveredmethods="0"/>
        <line num="1" count="7" type="stmt"/>
        <line num="4" count="0" type="stmt"/>
      </file>
      <file name="error.js" path="/home/eda/workspace/Kiwi-Roadies/client/actions/error.js">
        <metrics statements="2" coveredstatements="1" conditionals="0" coveredconditionals="0" methods="1" coveredmethods="0"/>
        <line num="1" count="7" type="stmt"/>
        <line num="4" count="0" type="stmt"/>
      </file>
      <file name="index.js" path="/home/eda/workspace/Kiwi-Roadies/client/actions/index.js">
        <metrics statements="3" coveredstatements="2" conditionals="0" coveredconditionals="0" methods="1" coveredmethods="0"/>
        <line num="1" count="7" type="stmt"/>
        <line num="3" count="7" type="stmt"/>
        <line num="4" count="0" type="stmt"/>
      </file>
    </package>
    <package name="client.components">
      <metrics statements="25" coveredstatements="18" conditionals="6" coveredconditionals="3" methods="14" coveredmethods="11"/>
      <file name="CoolStuff.jsx" path="/home/eda/workspace/Kiwi-Roadies/client/components/CoolStuff.jsx">
        <metrics statements="11" coveredstatements="6" conditionals="2" coveredconditionals="1" methods="4" coveredmethods="3"/>
        <line num="6" count="1" type="stmt"/>
        <line num="9" count="1" type="stmt"/>
        <line num="14" count="1" type="stmt"/>
        <line num="16" count="0" type="stmt"/>
        <line num="17" count="0" type="stmt"/>
        <line num="18" count="0" type="stmt"/>
        <line num="19" count="0" type="stmt"/>
        <line num="20" count="0" type="stmt"/>
        <line num="25" count="1" type="stmt"/>
        <line num="34" count="1" type="stmt"/>
        <line num="35" count="1" type="stmt"/>
      </file>
      <file name="Error.jsx" path="/home/eda/workspace/Kiwi-Roadies/client/components/Error.jsx">
        <metrics statements="3" coveredstatements="3" conditionals="2" coveredconditionals="1" methods="2" coveredmethods="2"/>
        <line num="4" count="1" type="stmt"/>
        <line num="5" count="2" type="stmt"/>
        <line num="18" count="2" type="stmt"/>
      </file>
      <file name="Footer.jsx" path="/home/eda/workspace/Kiwi-Roadies/client/components/Footer.jsx">
        <metrics statements="1" coveredstatements="1" conditionals="0" coveredconditionals="0" methods="1" coveredmethods="1"/>
        <line num="4" count="1" type="stmt"/>
      </file>
      <file name="Form.jsx" path="/home/eda/workspace/Kiwi-Roadies/client/components/Form.jsx">
        <metrics statements="1" coveredstatements="1" conditionals="0" coveredconditionals="0" methods="1" coveredmethods="1"/>
        <line num="33" count="1" type="stmt"/>
      </file>
      <file name="Header.jsx" path="/home/eda/workspace/Kiwi-Roadies/client/components/Header.jsx">
        <metrics statements="1" coveredstatements="1" conditionals="0" coveredconditionals="0" methods="1" coveredmethods="1"/>
        <line num="4" count="1" type="stmt"/>
      </file>
      <file name="Hello.jsx" path="/home/eda/workspace/Kiwi-Roadies/client/components/Hello.jsx">
        <metrics statements="6" coveredstatements="4" conditionals="2" coveredconditionals="1" methods="4" coveredmethods="2"/>
        <line num="5" count="1" type="stmt"/>
        <line num="9" count="1" type="stmt"/>
        <line num="22" count="0" type="stmt"/>
        <line num="26" count="0" type="stmt"/>
        <line num="40" count="1" type="stmt"/>
        <line num="41" count="1" type="stmt"/>
      </file>
      <file name="MainMap.jsx" path="/home/eda/workspace/Kiwi-Roadies/client/components/MainMap.jsx">
        <metrics statements="2" coveredstatements="2" conditionals="0" coveredconditionals="0" methods="1" coveredmethods="1"/>
        <line num="4" count="1" type="stmt"/>
        <line num="6" count="1" type="stmt"/>
      </file>
    </package>
    <package name="client.reducers">
      <metrics statements="11" coveredstatements="8" conditionals="10" coveredconditionals="7" methods="4" coveredmethods="4"/>
      <file name="campsites.js" path="/home/eda/workspace/Kiwi-Roadies/client/reducers/campsites.js">
        <metrics statements="3" coveredstatements="2" conditionals="3" coveredconditionals="2" methods="1" coveredmethods="1"/>
        <line num="4" count="22" type="cond" truecount="1" falsecount="1"/>
        <line num="6" count="0" type="stmt"/>
        <line num="9" count="22" type="stmt"/>
      </file>
      <file name="dataSet.js" path="/home/eda/workspace/Kiwi-Roadies/client/reducers/dataSet.js">
        <metrics statements="2" coveredstatements="2" conditionals="1" coveredconditionals="1" methods="1" coveredmethods="1"/>
        <line num="4" count="23" type="stmt"/>
        <line num="5" count="23" type="stmt"/>
      </file>
      <file name="error.js" path="/home/eda/workspace/Kiwi-Roadies/client/reducers/error.js">
        <metrics statements="3" coveredstatements="2" conditionals="3" coveredconditionals="2" methods="1" coveredmethods="1"/>
        <line num="4" count="22" type="cond" truecount="1" falsecount="1"/>
        <line num="6" count="0" type="stmt"/>
        <line num="9" count="22" type="stmt"/>
      </file>
      <file name="index.js" path="/home/eda/workspace/Kiwi-Roadies/client/reducers/index.js">
        <metrics statements="0" coveredstatements="0" conditionals="0" coveredconditionals="0" methods="0" coveredmethods="0"/>
      </file>
      <file name="name.js" path="/home/eda/workspace/Kiwi-Roadies/client/reducers/name.js">
        <metrics statements="3" coveredstatements="2" conditionals="3" coveredconditionals="2" methods="1" coveredmethods="1"/>
        <line num="4" count="22" type="cond" truecount="1" falsecount="1"/>
        <line num="6" count="0" type="stmt"/>
        <line num="9" count="22" type="stmt"/>
      </file>
    </package>
    <package name="client.testing">
      <metrics statements="3" coveredstatements="3" conditionals="3" coveredconditionals="3" methods="1" coveredmethods="1"/>
      <file name="utils.jsx" path="/home/eda/workspace/Kiwi-Roadies/client/testing/utils.jsx">
        <metrics statements="3" coveredstatements="3" conditionals="3" coveredconditionals="3" methods="1" coveredmethods="1"/>
        <line num="10" count="7" type="stmt"/>
        <line num="12" count="7" type="stmt"/>
        <line num="16" count="8" type="stmt"/>
      </file>
    </package>
    <package name="data">
      <metrics statements="0" coveredstatements="0" conditionals="0" coveredconditionals="0" methods="0" coveredmethods="0"/>
      <file name="trips.js" path="/home/eda/workspace/Kiwi-Roadies/data/trips.js">
        <metrics statements="0" coveredstatements="0" conditionals="0" coveredconditionals="0" methods="0" coveredmethods="0"/>
      </file>
    </package>
    <package name="server.api">
      <metrics statements="4" coveredstatements="4" conditionals="0" coveredconditionals="0" methods="1" coveredmethods="1"/>
      <file name="getCampsites.js" path="/home/eda/workspace/Kiwi-Roadies/server/api/getCampsites.js">
        <metrics statements="4" coveredstatements="4" conditionals="0" coveredconditionals="0" methods="1" coveredmethods="1"/>
        <line num="1" count="1" type="stmt"/>
        <line num="3" count="1" type="stmt"/>
        <line num="4" count="1" type="stmt"/>
        <line num="7" count="1" type="stmt"/>
      </file>
    </package>
  </project>
</coverage>
