{"/home/eda/workspace/Kiwi-Roadies/client/actions/campsites.js": {"path":"/home/eda/workspace/Kiwi-Roadies/client/actions/campsites.js","statementMap":{"0":{"start":{"line":1,"column":24},"end":{"line":1,"column":34}},"1":{"start":{"line":4,"column":2},"end":{"line":7,"column":3}}},"fnMap":{"0":{"name":"addCampsites","decl":{"start":{"line":3,"column":16},"end":{"line":3,"column":28}},"loc":{"start":{"line":3,"column":41},"end":{"line":8,"column":1}},"line":3}},"branchMap":{},"s":{"0":9,"1":2},"f":{"0":2},"b":{},"_coverageSchema":"332fd63041d2c1bcb487cc26dd0d5f7d97098a6c","hash":"be79aaddc71ffe86aab601f90753ec3820d0e72c"}
,"/home/eda/workspace/Kiwi-Roadies/client/actions/error.js": {"path":"/home/eda/workspace/Kiwi-Roadies/client/actions/error.js","statementMap":{"0":{"start":{"line":1,"column":21},"end":{"line":1,"column":28}},"1":{"start":{"line":4,"column":2},"end":{"line":7,"column":3}}},"fnMap":{"0":{"name":"showError","decl":{"start":{"line":3,"column":16},"end":{"line":3,"column":25}},"loc":{"start":{"line":3,"column":40},"end":{"line":8,"column":1}},"line":3}},"branchMap":{},"s":{"0":8,"1":0},"f":{"0":0},"b":{},"_coverageSchema":"332fd63041d2c1bcb487cc26dd0d5f7d97098a6c","hash":"5f608719df92c6772c70773962f722abcd99c88c"}
,"/home/eda/workspace/Kiwi-Roadies/client/actions/huts.js": {"path":"/home/eda/workspace/Kiwi-Roadies/client/actions/huts.js","statementMap":{"0":{"start":{"line":1,"column":23},"end":{"line":1,"column":32}},"1":{"start":{"line":4,"column":2},"end":{"line":7,"column":3}}},"fnMap":{"0":{"name":"addHuts","decl":{"start":{"line":3,"column":16},"end":{"line":3,"column":23}},"loc":{"start":{"line":3,"column":31},"end":{"line":8,"column":1}},"line":3}},"branchMap":{},"s":{"0":8,"1":0},"f":{"0":0},"b":{},"_coverageSchema":"332fd63041d2c1bcb487cc26dd0d5f7d97098a6c","hash":"3b59bb90d3931564a323c01db26bd6b8a5ad076a"}
,"/home/eda/workspace/Kiwi-Roadies/client/actions/index.js": {"path":"/home/eda/workspace/Kiwi-Roadies/client/actions/index.js","statementMap":{"0":{"start":{"line":1,"column":24},"end":{"line":1,"column":34}},"1":{"start":{"line":2,"column":29},"end":{"line":2,"column":44}},"2":{"start":{"line":3,"column":24},"end":{"line":3,"column":34}},"3":{"start":{"line":4,"column":29},"end":{"line":4,"column":44}},"4":{"start":{"line":6,"column":23},"end":{"line":12,"column":1}},"5":{"start":{"line":7,"column":2},"end":{"line":11,"column":3}},"6":{"start":{"line":14,"column":27},"end":{"line":19,"column":1}},"7":{"start":{"line":15,"column":2},"end":{"line":18,"column":3}},"8":{"start":{"line":21,"column":30},"end":{"line":29,"column":1}},"9":{"start":{"line":22,"column":2},"end":{"line":28,"column":3}},"10":{"start":{"line":32,"column":2},"end":{"line":37,"column":3}},"11":{"start":{"line":33,"column":4},"end":{"line":33,"column":27}},"12":{"start":{"line":34,"column":4},"end":{"line":36,"column":12}},"13":{"start":{"line":35,"column":6},"end":{"line":35,"column":29}},"14":{"start":{"line":41,"column":2},"end":{"line":46,"column":3}},"15":{"start":{"line":42,"column":4},"end":{"line":42,"column":60}},"16":{"start":{"line":43,"column":4},"end":{"line":45,"column":12}},"17":{"start":{"line":44,"column":6},"end":{"line":44,"column":29}}},"fnMap":{"0":{"name":"(anonymous_0)","decl":{"start":{"line":6,"column":23},"end":{"line":6,"column":24}},"loc":{"start":{"line":6,"column":33},"end":{"line":12,"column":1}},"line":6},"1":{"name":"(anonymous_1)","decl":{"start":{"line":14,"column":27},"end":{"line":14,"column":28}},"loc":{"start":{"line":14,"column":33},"end":{"line":19,"column":1}},"line":14},"2":{"name":"(anonymous_2)","decl":{"start":{"line":21,"column":30},"end":{"line":21,"column":31}},"loc":{"start":{"line":21,"column":42},"end":{"line":29,"column":1}},"line":21},"3":{"name":"acquireName","decl":{"start":{"line":31,"column":16},"end":{"line":31,"column":27}},"loc":{"start":{"line":31,"column":35},"end":{"line":38,"column":1}},"line":31},"4":{"name":"(anonymous_4)","decl":{"start":{"line":32,"column":9},"end":{"line":32,"column":10}},"loc":{"start":{"line":32,"column":23},"end":{"line":37,"column":3}},"line":32},"5":{"name":"(anonymous_5)","decl":{"start":{"line":34,"column":15},"end":{"line":34,"column":16}},"loc":{"start":{"line":34,"column":21},"end":{"line":36,"column":5}},"line":34},"6":{"name":"acquireTripDetails","decl":{"start":{"line":40,"column":16},"end":{"line":40,"column":34}},"loc":{"start":{"line":40,"column":66},"end":{"line":47,"column":1}},"line":40},"7":{"name":"(anonymous_7)","decl":{"start":{"line":41,"column":9},"end":{"line":41,"column":10}},"loc":{"start":{"line":41,"column":23},"end":{"line":46,"column":3}},"line":41},"8":{"name":"(anonymous_8)","decl":{"start":{"line":43,"column":15},"end":{"line":43,"column":16}},"loc":{"start":{"line":43,"column":21},"end":{"line":45,"column":5}},"line":43}},"branchMap":{},"s":{"0":11,"1":11,"2":11,"3":11,"4":11,"5":1,"6":11,"7":1,"8":11,"9":1,"10":0,"11":0,"12":0,"13":0,"14":0,"15":0,"16":0,"17":0},"f":{"0":1,"1":1,"2":1,"3":0,"4":0,"5":0,"6":0,"7":0,"8":0},"b":{},"_coverageSchema":"332fd63041d2c1bcb487cc26dd0d5f7d97098a6c","hash":"d1db5e9d64610f7964e6a294d99e24746d9a8656"}
,"/home/eda/workspace/Kiwi-Roadies/client/actions/tracks.js": {"path":"/home/eda/workspace/Kiwi-Roadies/client/actions/tracks.js","statementMap":{"0":{"start":{"line":1,"column":25},"end":{"line":1,"column":36}},"1":{"start":{"line":4,"column":2},"end":{"line":7,"column":3}}},"fnMap":{"0":{"name":"addTracks","decl":{"start":{"line":3,"column":16},"end":{"line":3,"column":25}},"loc":{"start":{"line":3,"column":35},"end":{"line":8,"column":1}},"line":3}},"branchMap":{},"s":{"0":8,"1":0},"f":{"0":0},"b":{},"_coverageSchema":"332fd63041d2c1bcb487cc26dd0d5f7d97098a6c","hash":"71263c07b4a83bd74b65f31b10f888b1d10020df"}
,"/home/eda/workspace/Kiwi-Roadies/client/components/Error.jsx": {"path":"/home/eda/workspace/Kiwi-Roadies/client/components/Error.jsx","statementMap":{"0":{"start":{"line":4,"column":21},"end":{"line":15,"column":1}},"1":{"start":{"line":5,"column":2},"end":{"line":14,"column":3}},"2":{"start":{"line":18,"column":2},"end":{"line":20,"column":3}}},"fnMap":{"0":{"name":"(anonymous_0)","decl":{"start":{"line":4,"column":21},"end":{"line":4,"column":22}},"loc":{"start":{"line":4,"column":32},"end":{"line":15,"column":1}},"line":4},"1":{"name":"mapStateToProps","decl":{"start":{"line":17,"column":9},"end":{"line":17,"column":24}},"loc":{"start":{"line":17,"column":33},"end":{"line":21,"column":1}},"line":17}},"branchMap":{"0":{"loc":{"start":{"line":7,"column":8},"end":{"line":11,"column":12}},"type":"binary-expr","locations":[{"start":{"line":7,"column":8},"end":{"line":7,"column":26}},{"start":{"line":8,"column":6},"end":{"line":11,"column":12}}],"line":7}},"s":{"0":1,"1":1,"2":1},"f":{"0":1,"1":1},"b":{"0":[1,0]},"_coverageSchema":"332fd63041d2c1bcb487cc26dd0d5f7d97098a6c","hash":"d2cf2283dd5fe55b23d0f07d545d5ffb0c80812d"}
,"/home/eda/workspace/Kiwi-Roadies/client/components/Greeting.jsx": {"path":"/home/eda/workspace/Kiwi-Roadies/client/components/Greeting.jsx","statementMap":{"0":{"start":{"line":6,"column":4},"end":{"line":16,"column":5}},"1":{"start":{"line":20,"column":24},"end":{"line":24,"column":1}},"2":{"start":{"line":21,"column":2},"end":{"line":23,"column":3}}},"fnMap":{"0":{"name":"(anonymous_0)","decl":{"start":{"line":5,"column":2},"end":{"line":5,"column":3}},"loc":{"start":{"line":5,"column":12},"end":{"line":17,"column":3}},"line":5},"1":{"name":"(anonymous_1)","decl":{"start":{"line":20,"column":24},"end":{"line":20,"column":25}},"loc":{"start":{"line":20,"column":33},"end":{"line":24,"column":1}},"line":20}},"branchMap":{"0":{"loc":{"start":{"line":8,"column":10},"end":{"line":12,"column":17}},"type":"binary-expr","locations":[{"start":{"line":8,"column":10},"end":{"line":8,"column":25}},{"start":{"line":9,"column":11},"end":{"line":12,"column":17}}],"line":8}},"s":{"0":1,"1":2,"2":1},"f":{"0":1,"1":1},"b":{"0":[1,0]},"_coverageSchema":"332fd63041d2c1bcb487cc26dd0d5f7d97098a6c","hash":"546c4e7a2b88f8d79714e6aeb07ece2e4ce5e4ca"}
,"/home/eda/workspace/Kiwi-Roadies/client/components/Header.jsx": {"path":"/home/eda/workspace/Kiwi-Roadies/client/components/Header.jsx","statementMap":{"0":{"start":{"line":4,"column":2},"end":{"line":22,"column":3}}},"fnMap":{"0":{"name":"Header","decl":{"start":{"line":3,"column":9},"end":{"line":3,"column":15}},"loc":{"start":{"line":3,"column":19},"end":{"line":23,"column":1}},"line":3}},"branchMap":{},"s":{"0":1},"f":{"0":1},"b":{},"_coverageSchema":"332fd63041d2c1bcb487cc26dd0d5f7d97098a6c","hash":"c0b06bede5b541e8b6c56aec4d2aae4acb270fa4"}
,"/home/eda/workspace/Kiwi-Roadies/client/components/Hello.jsx": {"path":"/home/eda/workspace/Kiwi-Roadies/client/components/Hello.jsx","statementMap":{"0":{"start":{"line":5,"column":11},"end":{"line":5,"column":13}},"1":{"start":{"line":9,"column":4},"end":{"line":33,"column":5}},"2":{"start":{"line":24,"column":42},"end":{"line":24,"column":67}},"3":{"start":{"line":27,"column":75},"end":{"line":27,"column":113}},"4":{"start":{"line":37,"column":24},"end":{"line":41,"column":1}},"5":{"start":{"line":38,"column":2},"end":{"line":40,"column":3}}},"fnMap":{"0":{"name":"(anonymous_0)","decl":{"start":{"line":8,"column":2},"end":{"line":8,"column":3}},"loc":{"start":{"line":8,"column":12},"end":{"line":34,"column":3}},"line":8},"1":{"name":"(anonymous_1)","decl":{"start":{"line":24,"column":30},"end":{"line":24,"column":31}},"loc":{"start":{"line":24,"column":42},"end":{"line":24,"column":67}},"line":24},"2":{"name":"(anonymous_2)","decl":{"start":{"line":27,"column":69},"end":{"line":27,"column":70}},"loc":{"start":{"line":27,"column":75},"end":{"line":27,"column":113}},"line":27},"3":{"name":"(anonymous_3)","decl":{"start":{"line":37,"column":24},"end":{"line":37,"column":25}},"loc":{"start":{"line":37,"column":33},"end":{"line":41,"column":1}},"line":37}},"branchMap":{"0":{"loc":{"start":{"line":11,"column":10},"end":{"line":30,"column":16}},"type":"cond-expr","locations":[{"start":{"line":12,"column":12},"end":{"line":12,"column":16}},{"start":{"line":13,"column":12},"end":{"line":30,"column":16}}],"line":11}},"s":{"0":1,"1":1,"2":0,"3":0,"4":1,"5":1},"f":{"0":1,"1":0,"2":0,"3":1},"b":{"0":[0,1]},"_coverageSchema":"332fd63041d2c1bcb487cc26dd0d5f7d97098a6c","hash":"24963eb72d25680b8afa25bcdb517f2c11e580a2"}
,"/home/eda/workspace/Kiwi-Roadies/client/components/InfoReq.jsx": {"path":"/home/eda/workspace/Kiwi-Roadies/client/components/InfoReq.jsx","statementMap":{"0":{"start":{"line":11,"column":4},"end":{"line":13,"column":6}},"1":{"start":{"line":17,"column":4},"end":{"line":31,"column":5}},"2":{"start":{"line":35,"column":24},"end":{"line":39,"column":1}},"3":{"start":{"line":36,"column":2},"end":{"line":38,"column":3}}},"fnMap":{"0":{"name":"(anonymous_0)","decl":{"start":{"line":10,"column":2},"end":{"line":10,"column":3}},"loc":{"start":{"line":10,"column":23},"end":{"line":14,"column":3}},"line":10},"1":{"name":"(anonymous_1)","decl":{"start":{"line":16,"column":2},"end":{"line":16,"column":3}},"loc":{"start":{"line":16,"column":12},"end":{"line":32,"column":3}},"line":16},"2":{"name":"(anonymous_2)","decl":{"start":{"line":35,"column":24},"end":{"line":35,"column":25}},"loc":{"start":{"line":35,"column":33},"end":{"line":39,"column":1}},"line":35}},"branchMap":{"0":{"loc":{"start":{"line":19,"column":10},"end":{"line":28,"column":14}},"type":"binary-expr","locations":[{"start":{"line":19,"column":10},"end":{"line":19,"column":25}},{"start":{"line":20,"column":8},"end":{"line":28,"column":14}}],"line":19}},"s":{"0":1,"1":2,"2":1,"3":1},"f":{"0":1,"1":2,"2":1},"b":{"0":[2,0]},"_coverageSchema":"332fd63041d2c1bcb487cc26dd0d5f7d97098a6c","hash":"5123dd6593d8de1399807b1366a9e4aa0c147a4d"}
,"/home/eda/workspace/Kiwi-Roadies/client/components/Loading.jsx": {"path":"/home/eda/workspace/Kiwi-Roadies/client/components/Loading.jsx","statementMap":{"0":{"start":{"line":6,"column":4},"end":{"line":10,"column":5}}},"fnMap":{"0":{"name":"(anonymous_0)","decl":{"start":{"line":5,"column":2},"end":{"line":5,"column":3}},"loc":{"start":{"line":5,"column":12},"end":{"line":11,"column":3}},"line":5}},"branchMap":{},"s":{"0":1},"f":{"0":1},"b":{},"_coverageSchema":"332fd63041d2c1bcb487cc26dd0d5f7d97098a6c","hash":"16cb5f9ea728944a1220297261a7978a8a399d11"}
,"/home/eda/workspace/Kiwi-Roadies/client/components/RoadieForm.jsx": {"path":"/home/eda/workspace/Kiwi-Roadies/client/components/RoadieForm.jsx","statementMap":{"0":{"start":{"line":12,"column":32},"end":{"line":12,"column":44}},"1":{"start":{"line":13,"column":22},"end":{"line":16,"column":3}},"2":{"start":{"line":14,"column":4},"end":{"line":14,"column":18}},"3":{"start":{"line":15,"column":4},"end":{"line":15,"column":15}},"4":{"start":{"line":18,"column":28},"end":{"line":18,"column":40}},"5":{"start":{"line":19,"column":20},"end":{"line":22,"column":3}},"6":{"start":{"line":20,"column":4},"end":{"line":20,"column":18}},"7":{"start":{"line":21,"column":4},"end":{"line":21,"column":13}},"8":{"start":{"line":30,"column":2},"end":{"line":84,"column":3}},"9":{"start":{"line":79,"column":67},"end":{"line":79,"column":123}},"10":{"start":{"line":89,"column":24},"end":{"line":96,"column":1}},"11":{"start":{"line":90,"column":2},"end":{"line":95,"column":3}}},"fnMap":{"0":{"name":"RoadieForm","decl":{"start":{"line":11,"column":9},"end":{"line":11,"column":19}},"loc":{"start":{"line":11,"column":28},"end":{"line":85,"column":1}},"line":11},"1":{"name":"(anonymous_1)","decl":{"start":{"line":13,"column":22},"end":{"line":13,"column":23}},"loc":{"start":{"line":13,"column":29},"end":{"line":16,"column":3}},"line":13},"2":{"name":"(anonymous_2)","decl":{"start":{"line":19,"column":20},"end":{"line":19,"column":21}},"loc":{"start":{"line":19,"column":27},"end":{"line":22,"column":3}},"line":19},"3":{"name":"(anonymous_3)","decl":{"start":{"line":79,"column":61},"end":{"line":79,"column":62}},"loc":{"start":{"line":79,"column":67},"end":{"line":79,"column":123}},"line":79},"4":{"name":"(anonymous_4)","decl":{"start":{"line":89,"column":24},"end":{"line":89,"column":25}},"loc":{"start":{"line":89,"column":33},"end":{"line":96,"column":1}},"line":89}},"branchMap":{"0":{"loc":{"start":{"line":32,"column":8},"end":{"line":81,"column":10}},"type":"binary-expr","locations":[{"start":{"line":32,"column":8},"end":{"line":32,"column":18}},{"start":{"line":33,"column":4},"end":{"line":81,"column":10}}],"line":32}},"s":{"0":1,"1":1,"2":0,"3":0,"4":1,"5":1,"6":0,"7":0,"8":1,"9":0,"10":2,"11":1},"f":{"0":1,"1":0,"2":0,"3":0,"4":1},"b":{"0":[1,0]},"_coverageSchema":"332fd63041d2c1bcb487cc26dd0d5f7d97098a6c","hash":"d15035388bcde6f1e661dd695c5e66ed13f054e1"}
,"/home/eda/workspace/Kiwi-Roadies/client/components/RoadieMap.jsx": {"path":"/home/eda/workspace/Kiwi-Roadies/client/components/RoadieMap.jsx","statementMap":{"0":{"start":{"line":9,"column":0},"end":{"line":9,"column":26}},"1":{"start":{"line":12,"column":21},"end":{"line":12,"column":45}},"2":{"start":{"line":14,"column":17},"end":{"line":19,"column":1}},"3":{"start":{"line":44,"column":4},"end":{"line":54,"column":5}},"4":{"start":{"line":45,"column":6},"end":{"line":47,"column":14}},"5":{"start":{"line":46,"column":8},"end":{"line":46,"column":50}},"6":{"start":{"line":48,"column":6},"end":{"line":50,"column":15}},"7":{"start":{"line":49,"column":8},"end":{"line":49,"column":50}},"8":{"start":{"line":51,"column":6},"end":{"line":53,"column":15}},"9":{"start":{"line":52,"column":8},"end":{"line":52,"column":52}},"10":{"start":{"line":58,"column":4},"end":{"line":58,"column":31}},"11":{"start":{"line":62,"column":25},"end":{"line":62,"column":35}},"12":{"start":{"line":63,"column":4},"end":{"line":89,"column":5}},"13":{"start":{"line":67,"column":64},"end":{"line":67,"column":104}},"14":{"start":{"line":68,"column":66},"end":{"line":68,"column":108}},"15":{"start":{"line":69,"column":64},"end":{"line":69,"column":102}},"16":{"start":{"line":70,"column":63},"end":{"line":70,"column":101}},"17":{"start":{"line":71,"column":63},"end":{"line":71,"column":104}},"18":{"start":{"line":78,"column":40},"end":{"line":78,"column":67}},"19":{"start":{"line":93,"column":24},"end":{"line":98,"column":1}},"20":{"start":{"line":94,"column":2},"end":{"line":97,"column":3}}},"fnMap":{"0":{"name":"(anonymous_0)","decl":{"start":{"line":43,"column":2},"end":{"line":43,"column":3}},"loc":{"start":{"line":43,"column":23},"end":{"line":55,"column":3}},"line":43},"1":{"name":"(anonymous_1)","decl":{"start":{"line":45,"column":17},"end":{"line":45,"column":18}},"loc":{"start":{"line":45,"column":23},"end":{"line":47,"column":7}},"line":45},"2":{"name":"(anonymous_2)","decl":{"start":{"line":48,"column":17},"end":{"line":48,"column":18}},"loc":{"start":{"line":48,"column":23},"end":{"line":50,"column":7}},"line":48},"3":{"name":"(anonymous_3)","decl":{"start":{"line":51,"column":17},"end":{"line":51,"column":18}},"loc":{"start":{"line":51,"column":23},"end":{"line":53,"column":7}},"line":51},"4":{"name":"(anonymous_4)","decl":{"start":{"line":57,"column":14},"end":{"line":57,"column":15}},"loc":{"start":{"line":57,"column":28},"end":{"line":59,"column":3}},"line":57},"5":{"name":"(anonymous_5)","decl":{"start":{"line":61,"column":2},"end":{"line":61,"column":3}},"loc":{"start":{"line":61,"column":12},"end":{"line":90,"column":3}},"line":61},"6":{"name":"(anonymous_6)","decl":{"start":{"line":67,"column":58},"end":{"line":67,"column":59}},"loc":{"start":{"line":67,"column":64},"end":{"line":67,"column":104}},"line":67},"7":{"name":"(anonymous_7)","decl":{"start":{"line":68,"column":60},"end":{"line":68,"column":61}},"loc":{"start":{"line":68,"column":66},"end":{"line":68,"column":108}},"line":68},"8":{"name":"(anonymous_8)","decl":{"start":{"line":69,"column":58},"end":{"line":69,"column":59}},"loc":{"start":{"line":69,"column":64},"end":{"line":69,"column":102}},"line":69},"9":{"name":"(anonymous_9)","decl":{"start":{"line":70,"column":57},"end":{"line":70,"column":58}},"loc":{"start":{"line":70,"column":63},"end":{"line":70,"column":101}},"line":70},"10":{"name":"(anonymous_10)","decl":{"start":{"line":71,"column":57},"end":{"line":71,"column":58}},"loc":{"start":{"line":71,"column":63},"end":{"line":71,"column":104}},"line":71},"11":{"name":"(anonymous_11)","decl":{"start":{"line":78,"column":28},"end":{"line":78,"column":29}},"loc":{"start":{"line":78,"column":40},"end":{"line":78,"column":67}},"line":78},"12":{"name":"(anonymous_12)","decl":{"start":{"line":93,"column":24},"end":{"line":93,"column":25}},"loc":{"start":{"line":93,"column":33},"end":{"line":98,"column":1}},"line":93}},"branchMap":{"0":{"loc":{"start":{"line":44,"column":4},"end":{"line":54,"column":5}},"type":"if","locations":[{"start":{"line":44,"column":4},"end":{"line":54,"column":5}},{"start":{"line":44,"column":4},"end":{"line":54,"column":5}}],"line":44},"1":{"loc":{"start":{"line":65,"column":10},"end":{"line":86,"column":12}},"type":"binary-expr","locations":[{"start":{"line":65,"column":10},"end":{"line":65,"column":25}},{"start":{"line":66,"column":6},"end":{"line":86,"column":12}}],"line":65}},"s":{"0":2,"1":2,"2":2,"3":1,"4":0,"5":0,"6":0,"7":0,"8":0,"9":0,"10":0,"11":1,"12":1,"13":0,"14":0,"15":0,"16":0,"17":0,"18":0,"19":2,"20":1},"f":{"0":1,"1":0,"2":0,"3":0,"4":0,"5":1,"6":0,"7":0,"8":0,"9":0,"10":0,"11":0,"12":1},"b":{"0":[0,1],"1":[1,0]},"_coverageSchema":"332fd63041d2c1bcb487cc26dd0d5f7d97098a6c","hash":"2e376f634438d4b7d3f162ff6a2ddcf0f2d9074f"}
,"/home/eda/workspace/Kiwi-Roadies/client/components/goTo.js": {"path":"/home/eda/workspace/Kiwi-Roadies/client/components/goTo.js","statementMap":{"0":{"start":{"line":4,"column":31},"end":{"line":15,"column":1}},"1":{"start":{"line":5,"column":15},"end":{"line":13,"column":3}},"2":{"start":{"line":14,"column":2},"end":{"line":14,"column":18}},"3":{"start":{"line":17,"column":29},"end":{"line":28,"column":1}},"4":{"start":{"line":18,"column":15},"end":{"line":26,"column":3}},"5":{"start":{"line":27,"column":2},"end":{"line":27,"column":18}},"6":{"start":{"line":30,"column":27},"end":{"line":41,"column":1}},"7":{"start":{"line":31,"column":15},"end":{"line":39,"column":3}},"8":{"start":{"line":40,"column":2},"end":{"line":40,"column":18}},"9":{"start":{"line":43,"column":27},"end":{"line":54,"column":1}},"10":{"start":{"line":44,"column":15},"end":{"line":52,"column":3}},"11":{"start":{"line":53,"column":2},"end":{"line":53,"column":18}},"12":{"start":{"line":56,"column":30},"end":{"line":67,"column":1}},"13":{"start":{"line":57,"column":15},"end":{"line":65,"column":3}},"14":{"start":{"line":66,"column":2},"end":{"line":66,"column":18}}},"fnMap":{"0":{"name":"(anonymous_0)","decl":{"start":{"line":4,"column":31},"end":{"line":4,"column":32}},"loc":{"start":{"line":4,"column":57},"end":{"line":15,"column":1}},"line":4},"1":{"name":"(anonymous_1)","decl":{"start":{"line":17,"column":29},"end":{"line":17,"column":30}},"loc":{"start":{"line":17,"column":55},"end":{"line":28,"column":1}},"line":17},"2":{"name":"(anonymous_2)","decl":{"start":{"line":30,"column":27},"end":{"line":30,"column":28}},"loc":{"start":{"line":30,"column":53},"end":{"line":41,"column":1}},"line":30},"3":{"name":"(anonymous_3)","decl":{"start":{"line":43,"column":27},"end":{"line":43,"column":28}},"loc":{"start":{"line":43,"column":53},"end":{"line":54,"column":1}},"line":43},"4":{"name":"(anonymous_4)","decl":{"start":{"line":56,"column":30},"end":{"line":56,"column":31}},"loc":{"start":{"line":56,"column":56},"end":{"line":67,"column":1}},"line":56}},"branchMap":{},"s":{"0":2,"1":0,"2":0,"3":2,"4":0,"5":0,"6":2,"7":0,"8":0,"9":2,"10":0,"11":0,"12":2,"13":0,"14":0},"f":{"0":0,"1":0,"2":0,"3":0,"4":0},"b":{},"_coverageSchema":"332fd63041d2c1bcb487cc26dd0d5f7d97098a6c","hash":"04824fdb123fcea7a4967a3e408e3c829cf84390"}
,"/home/eda/workspace/Kiwi-Roadies/client/reducers/campsites.js": {"path":"/home/eda/workspace/Kiwi-Roadies/client/reducers/campsites.js","statementMap":{"0":{"start":{"line":4,"column":2},"end":{"line":10,"column":3}},"1":{"start":{"line":6,"column":6},"end":{"line":6,"column":29}},"2":{"start":{"line":9,"column":6},"end":{"line":9,"column":18}}},"fnMap":{"0":{"name":"addCampsites","decl":{"start":{"line":3,"column":24},"end":{"line":3,"column":36}},"loc":{"start":{"line":3,"column":58},"end":{"line":11,"column":1}},"line":3}},"branchMap":{"0":{"loc":{"start":{"line":3,"column":38},"end":{"line":3,"column":48}},"type":"default-arg","locations":[{"start":{"line":3,"column":46},"end":{"line":3,"column":48}}],"line":3},"1":{"loc":{"start":{"line":4,"column":2},"end":{"line":10,"column":3}},"type":"switch","locations":[{"start":{"line":5,"column":4},"end":{"line":6,"column":29}},{"start":{"line":8,"column":4},"end":{"line":9,"column":18}}],"line":4}},"s":{"0":24,"1":0,"2":24},"f":{"0":24},"b":{"0":[24],"1":[0,24]},"_coverageSchema":"332fd63041d2c1bcb487cc26dd0d5f7d97098a6c","hash":"0a84b6cd0b06a2598c957bc85014455d3c6e2bc0"}
,"/home/eda/workspace/Kiwi-Roadies/client/reducers/dataSet.js": {"path":"/home/eda/workspace/Kiwi-Roadies/client/reducers/dataSet.js","statementMap":{"0":{"start":{"line":4,"column":2},"end":{"line":4,"column":14}}},"fnMap":{"0":{"name":"dataSet","decl":{"start":{"line":3,"column":24},"end":{"line":3,"column":31}},"loc":{"start":{"line":3,"column":47},"end":{"line":5,"column":1}},"line":3}},"branchMap":{"0":{"loc":{"start":{"line":3,"column":33},"end":{"line":3,"column":45}},"type":"default-arg","locations":[{"start":{"line":3,"column":41},"end":{"line":3,"column":45}}],"line":3}},"s":{"0":25},"f":{"0":25},"b":{"0":[25]},"_coverageSchema":"332fd63041d2c1bcb487cc26dd0d5f7d97098a6c","hash":"5ffaf5a486575bfc0121a98b24d839231f3edab8"}
,"/home/eda/workspace/Kiwi-Roadies/client/reducers/error.js": {"path":"/home/eda/workspace/Kiwi-Roadies/client/reducers/error.js","statementMap":{"0":{"start":{"line":4,"column":2},"end":{"line":10,"column":3}},"1":{"start":{"line":6,"column":6},"end":{"line":6,"column":27}},"2":{"start":{"line":9,"column":6},"end":{"line":9,"column":18}}},"fnMap":{"0":{"name":"(anonymous_0)","decl":{"start":{"line":3,"column":15},"end":{"line":3,"column":16}},"loc":{"start":{"line":3,"column":47},"end":{"line":11,"column":1}},"line":3}},"branchMap":{"0":{"loc":{"start":{"line":3,"column":25},"end":{"line":3,"column":37}},"type":"default-arg","locations":[{"start":{"line":3,"column":33},"end":{"line":3,"column":37}}],"line":3},"1":{"loc":{"start":{"line":4,"column":2},"end":{"line":10,"column":3}},"type":"switch","locations":[{"start":{"line":5,"column":4},"end":{"line":6,"column":27}},{"start":{"line":8,"column":4},"end":{"line":9,"column":18}}],"line":4}},"s":{"0":24,"1":0,"2":24},"f":{"0":24},"b":{"0":[24],"1":[0,24]},"_coverageSchema":"332fd63041d2c1bcb487cc26dd0d5f7d97098a6c","hash":"4306b9554f6c87742fbc4c6bb45907ee5250edd8"}
,"/home/eda/workspace/Kiwi-Roadies/client/reducers/huts.js": {"path":"/home/eda/workspace/Kiwi-Roadies/client/reducers/huts.js","statementMap":{"0":{"start":{"line":4,"column":2},"end":{"line":10,"column":3}},"1":{"start":{"line":6,"column":6},"end":{"line":6,"column":24}},"2":{"start":{"line":9,"column":6},"end":{"line":9,"column":18}}},"fnMap":{"0":{"name":"addHuts","decl":{"start":{"line":3,"column":24},"end":{"line":3,"column":31}},"loc":{"start":{"line":3,"column":53},"end":{"line":11,"column":1}},"line":3}},"branchMap":{"0":{"loc":{"start":{"line":3,"column":33},"end":{"line":3,"column":43}},"type":"default-arg","locations":[{"start":{"line":3,"column":41},"end":{"line":3,"column":43}}],"line":3},"1":{"loc":{"start":{"line":4,"column":2},"end":{"line":10,"column":3}},"type":"switch","locations":[{"start":{"line":5,"column":4},"end":{"line":6,"column":24}},{"start":{"line":8,"column":4},"end":{"line":9,"column":18}}],"line":4}},"s":{"0":24,"1":0,"2":24},"f":{"0":24},"b":{"0":[24],"1":[0,24]},"_coverageSchema":"332fd63041d2c1bcb487cc26dd0d5f7d97098a6c","hash":"cc7a901817534af1b176ac53534c7af7b165bd90"}
,"/home/eda/workspace/Kiwi-Roadies/client/reducers/index.js": {"path":"/home/eda/workspace/Kiwi-Roadies/client/reducers/index.js","statementMap":{},"fnMap":{},"branchMap":{},"s":{},"f":{},"b":{},"_coverageSchema":"332fd63041d2c1bcb487cc26dd0d5f7d97098a6c","hash":"9fefab5d0e8e702d6cdbfbd41f8bd87804e042a7"}
,"/home/eda/workspace/Kiwi-Roadies/client/reducers/name.js": {"path":"/home/eda/workspace/Kiwi-Roadies/client/reducers/name.js","statementMap":{"0":{"start":{"line":4,"column":2},"end":{"line":12,"column":3}},"1":{"start":{"line":6,"column":6},"end":{"line":6,"column":24}},"2":{"start":{"line":8,"column":6},"end":{"line":8,"column":24}},"3":{"start":{"line":11,"column":6},"end":{"line":11,"column":18}}},"fnMap":{"0":{"name":"addingName","decl":{"start":{"line":3,"column":24},"end":{"line":3,"column":34}},"loc":{"start":{"line":3,"column":58},"end":{"line":13,"column":1}},"line":3}},"branchMap":{"0":{"loc":{"start":{"line":3,"column":36},"end":{"line":3,"column":48}},"type":"default-arg","locations":[{"start":{"line":3,"column":44},"end":{"line":3,"column":48}}],"line":3},"1":{"loc":{"start":{"line":4,"column":2},"end":{"line":12,"column":3}},"type":"switch","locations":[{"start":{"line":5,"column":4},"end":{"line":6,"column":24}},{"start":{"line":7,"column":4},"end":{"line":8,"column":24}},{"start":{"line":10,"column":4},"end":{"line":11,"column":18}}],"line":4}},"s":{"0":26,"1":1,"2":1,"3":24},"f":{"0":26},"b":{"0":[24],"1":[1,1,24]},"_coverageSchema":"332fd63041d2c1bcb487cc26dd0d5f7d97098a6c","hash":"8d0931c4837626869dc6449266bd3aee2bbac18e"}
,"/home/eda/workspace/Kiwi-Roadies/client/reducers/nationalParks.js": {"path":"/home/eda/workspace/Kiwi-Roadies/client/reducers/nationalParks.js","statementMap":{"0":{"start":{"line":4,"column":2},"end":{"line":4,"column":14}}},"fnMap":{"0":{"name":"nationalParks","decl":{"start":{"line":3,"column":24},"end":{"line":3,"column":37}},"loc":{"start":{"line":3,"column":57},"end":{"line":5,"column":1}},"line":3}},"branchMap":{"0":{"loc":{"start":{"line":3,"column":39},"end":{"line":3,"column":55}},"type":"default-arg","locations":[{"start":{"line":3,"column":47},"end":{"line":3,"column":55}}],"line":3}},"s":{"0":24},"f":{"0":24},"b":{"0":[24]},"_coverageSchema":"332fd63041d2c1bcb487cc26dd0d5f7d97098a6c","hash":"2f8babf37b0d78ee5d1d9fb04587e175e10dfc2d"}
,"/home/eda/workspace/Kiwi-Roadies/client/reducers/roadieform.js": {"path":"/home/eda/workspace/Kiwi-Roadies/client/reducers/roadieform.js","statementMap":{"0":{"start":{"line":4,"column":2},"end":{"line":10,"column":3}},"1":{"start":{"line":6,"column":6},"end":{"line":6,"column":26}},"2":{"start":{"line":9,"column":6},"end":{"line":9,"column":18}}},"fnMap":{"0":{"name":"addTripRequest","decl":{"start":{"line":3,"column":24},"end":{"line":3,"column":38}},"loc":{"start":{"line":3,"column":60},"end":{"line":11,"column":1}},"line":3}},"branchMap":{"0":{"loc":{"start":{"line":3,"column":40},"end":{"line":3,"column":50}},"type":"default-arg","locations":[{"start":{"line":3,"column":48},"end":{"line":3,"column":50}}],"line":3},"1":{"loc":{"start":{"line":4,"column":2},"end":{"line":10,"column":3}},"type":"switch","locations":[{"start":{"line":5,"column":4},"end":{"line":6,"column":26}},{"start":{"line":8,"column":4},"end":{"line":9,"column":18}}],"line":4}},"s":{"0":24,"1":0,"2":24},"f":{"0":24},"b":{"0":[24],"1":[0,24]},"_coverageSchema":"332fd63041d2c1bcb487cc26dd0d5f7d97098a6c","hash":"fc9c7f538e4b0ac8b775453a03c378cea220a44e"}
,"/home/eda/workspace/Kiwi-Roadies/client/reducers/tracks.js": {"path":"/home/eda/workspace/Kiwi-Roadies/client/reducers/tracks.js","statementMap":{"0":{"start":{"line":4,"column":2},"end":{"line":10,"column":3}},"1":{"start":{"line":6,"column":6},"end":{"line":6,"column":26}},"2":{"start":{"line":9,"column":6},"end":{"line":9,"column":18}}},"fnMap":{"0":{"name":"addTracks","decl":{"start":{"line":3,"column":24},"end":{"line":3,"column":33}},"loc":{"start":{"line":3,"column":55},"end":{"line":11,"column":1}},"line":3}},"branchMap":{"0":{"loc":{"start":{"line":3,"column":35},"end":{"line":3,"column":45}},"type":"default-arg","locations":[{"start":{"line":3,"column":43},"end":{"line":3,"column":45}}],"line":3},"1":{"loc":{"start":{"line":4,"column":2},"end":{"line":10,"column":3}},"type":"switch","locations":[{"start":{"line":5,"column":4},"end":{"line":6,"column":26}},{"start":{"line":8,"column":4},"end":{"line":9,"column":18}}],"line":4}},"s":{"0":24,"1":0,"2":24},"f":{"0":24},"b":{"0":[24],"1":[0,24]},"_coverageSchema":"332fd63041d2c1bcb487cc26dd0d5f7d97098a6c","hash":"61030f45ab44ee3b886cad849c920ebe5e4b4d2d"}
,"/home/eda/workspace/Kiwi-Roadies/client/reducers/tripstatus.js": {"path":"/home/eda/workspace/Kiwi-Roadies/client/reducers/tripstatus.js","statementMap":{"0":{"start":{"line":4,"column":2},"end":{"line":10,"column":3}},"1":{"start":{"line":6,"column":6},"end":{"line":6,"column":30}},"2":{"start":{"line":9,"column":6},"end":{"line":9,"column":18}}},"fnMap":{"0":{"name":"addTripRequest","decl":{"start":{"line":3,"column":24},"end":{"line":3,"column":38}},"loc":{"start":{"line":3,"column":63},"end":{"line":11,"column":1}},"line":3}},"branchMap":{"0":{"loc":{"start":{"line":3,"column":40},"end":{"line":3,"column":53}},"type":"default-arg","locations":[{"start":{"line":3,"column":48},"end":{"line":3,"column":53}}],"line":3},"1":{"loc":{"start":{"line":4,"column":2},"end":{"line":10,"column":3}},"type":"switch","locations":[{"start":{"line":5,"column":4},"end":{"line":6,"column":30}},{"start":{"line":8,"column":4},"end":{"line":9,"column":18}}],"line":4}},"s":{"0":24,"1":0,"2":24},"f":{"0":24},"b":{"0":[24],"1":[0,24]},"_coverageSchema":"332fd63041d2c1bcb487cc26dd0d5f7d97098a6c","hash":"8665deb81292bab8f3bb6228fdbb29c3c4cb72df"}
,"/home/eda/workspace/Kiwi-Roadies/client/reducers/waiting.js": {"path":"/home/eda/workspace/Kiwi-Roadies/client/reducers/waiting.js","statementMap":{"0":{"start":{"line":4,"column":2},"end":{"line":14,"column":3}},"1":{"start":{"line":6,"column":6},"end":{"line":6,"column":17}},"2":{"start":{"line":8,"column":6},"end":{"line":8,"column":18}},"3":{"start":{"line":10,"column":6},"end":{"line":10,"column":17}},"4":{"start":{"line":13,"column":6},"end":{"line":13,"column":18}}},"fnMap":{"0":{"name":"waiting","decl":{"start":{"line":3,"column":24},"end":{"line":3,"column":31}},"loc":{"start":{"line":3,"column":56},"end":{"line":15,"column":1}},"line":3}},"branchMap":{"0":{"loc":{"start":{"line":3,"column":33},"end":{"line":3,"column":46}},"type":"default-arg","locations":[{"start":{"line":3,"column":41},"end":{"line":3,"column":46}}],"line":3},"1":{"loc":{"start":{"line":4,"column":2},"end":{"line":14,"column":3}},"type":"switch","locations":[{"start":{"line":5,"column":4},"end":{"line":6,"column":17}},{"start":{"line":7,"column":4},"end":{"line":8,"column":18}},{"start":{"line":9,"column":4},"end":{"line":10,"column":17}},{"start":{"line":12,"column":4},"end":{"line":13,"column":18}}],"line":4}},"s":{"0":27,"1":1,"2":1,"3":1,"4":24},"f":{"0":27},"b":{"0":[24],"1":[1,1,1,24]},"_coverageSchema":"332fd63041d2c1bcb487cc26dd0d5f7d97098a6c","hash":"f9e7d0a93f65aa0cf64b8766d323975dd9d4cc6b"}
,"/home/eda/workspace/Kiwi-Roadies/client/testing/utils.jsx": {"path":"/home/eda/workspace/Kiwi-Roadies/client/testing/utils.jsx","statementMap":{"0":{"start":{"line":10,"column":17},"end":{"line":10,"column":58}},"1":{"start":{"line":12,"column":31},"end":{"line":26,"column":1}},"2":{"start":{"line":16,"column":2},"end":{"line":25,"column":3}}},"fnMap":{"0":{"name":"(anonymous_0)","decl":{"start":{"line":12,"column":31},"end":{"line":12,"column":32}},"loc":{"start":{"line":15,"column":5},"end":{"line":26,"column":1}},"line":15}},"branchMap":{"0":{"loc":{"start":{"line":14,"column":2},"end":{"line":14,"column":101}},"type":"default-arg","locations":[{"start":{"line":14,"column":99},"end":{"line":14,"column":101}}],"line":14},"1":{"loc":{"start":{"line":14,"column":18},"end":{"line":14,"column":40}},"type":"default-arg","locations":[{"start":{"line":14,"column":35},"end":{"line":14,"column":40}}],"line":14},"2":{"loc":{"start":{"line":14,"column":42},"end":{"line":14,"column":94}},"type":"default-arg","locations":[{"start":{"line":14,"column":50},"end":{"line":14,"column":94}}],"line":14}},"s":{"0":8,"1":8,"2":8},"f":{"0":8},"b":{"0":[7],"1":[8],"2":[8]},"_coverageSchema":"332fd63041d2c1bcb487cc26dd0d5f7d97098a6c","hash":"4135984d7b93ec165ae970925f58506d00d00a0a"}
,"/home/eda/workspace/Kiwi-Roadies/data/nationalparks.js": {"path":"/home/eda/workspace/Kiwi-Roadies/data/nationalparks.js","statementMap":{},"fnMap":{},"branchMap":{},"s":{},"f":{},"b":{},"_coverageSchema":"332fd63041d2c1bcb487cc26dd0d5f7d97098a6c","hash":"b7f61c72a4a1044c99dee7e51c7da9e02e9e3df5"}
,"/home/eda/workspace/Kiwi-Roadies/data/trips.js": {"path":"/home/eda/workspace/Kiwi-Roadies/data/trips.js","statementMap":{},"fnMap":{},"branchMap":{},"s":{},"f":{},"b":{},"_coverageSchema":"332fd63041d2c1bcb487cc26dd0d5f7d97098a6c","hash":"5ff6b9f44073c3e0079545aa457731ee99734022"}
,"/home/eda/workspace/Kiwi-Roadies/server/api/getCampsites.js": {"path":"/home/eda/workspace/Kiwi-Roadies/server/api/getCampsites.js","statementMap":{"0":{"start":{"line":1,"column":16},"end":{"line":1,"column":38}},"1":{"start":{"line":3,"column":0},"end":{"line":8,"column":1}},"2":{"start":{"line":4,"column":20},"end":{"line":6,"column":3}},"3":{"start":{"line":7,"column":2},"end":{"line":7,"column":67}}},"fnMap":{"0":{"name":"getCampsites","decl":{"start":{"line":3,"column":26},"end":{"line":3,"column":38}},"loc":{"start":{"line":3,"column":42},"end":{"line":8,"column":1}},"line":3}},"branchMap":{},"s":{"0":1,"1":1,"2":1,"3":1},"f":{"0":1},"b":{},"_coverageSchema":"332fd63041d2c1bcb487cc26dd0d5f7d97098a6c","hash":"3711a7f57af03f4ca09a7ff275d8c4c3f695ba76"}
,"/home/eda/workspace/Kiwi-Roadies/server/api/getHuts.js": {"path":"/home/eda/workspace/Kiwi-Roadies/server/api/getHuts.js","statementMap":{"0":{"start":{"line":1,"column":16},"end":{"line":1,"column":38}},"1":{"start":{"line":3,"column":0},"end":{"line":8,"column":1}},"2":{"start":{"line":4,"column":20},"end":{"line":6,"column":3}},"3":{"start":{"line":7,"column":2},"end":{"line":7,"column":62}}},"fnMap":{"0":{"name":"getHuts","decl":{"start":{"line":3,"column":26},"end":{"line":3,"column":33}},"loc":{"start":{"line":3,"column":37},"end":{"line":8,"column":1}},"line":3}},"branchMap":{},"s":{"0":1,"1":1,"2":1,"3":1},"f":{"0":1},"b":{},"_coverageSchema":"332fd63041d2c1bcb487cc26dd0d5f7d97098a6c","hash":"347099358c3e0c7ba56686671b577f2b90983b18"}
,"/home/eda/workspace/Kiwi-Roadies/server/api/getTracks.js": {"path":"/home/eda/workspace/Kiwi-Roadies/server/api/getTracks.js","statementMap":{"0":{"start":{"line":1,"column":16},"end":{"line":1,"column":38}},"1":{"start":{"line":3,"column":0},"end":{"line":8,"column":1}},"2":{"start":{"line":4,"column":20},"end":{"line":6,"column":3}},"3":{"start":{"line":7,"column":2},"end":{"line":7,"column":64}}},"fnMap":{"0":{"name":"getTracks","decl":{"start":{"line":3,"column":26},"end":{"line":3,"column":35}},"loc":{"start":{"line":3,"column":39},"end":{"line":8,"column":1}},"line":3}},"branchMap":{},"s":{"0":1,"1":1,"2":1,"3":1},"f":{"0":1},"b":{},"_coverageSchema":"332fd63041d2c1bcb487cc26dd0d5f7d97098a6c","hash":"79743cd93c73fd316f2f10d10ee3a077459af193"}
}
