TN:
SF:client/actions/campsites.js
FN:3,addCampsites
FNF:1
FNH:0
FNDA:0,addCampsites
DA:1,7
DA:4,0
LF:2
LH:1
BRF:0
BRH:0
end_of_record
TN:
SF:client/actions/error.js
FN:3,showError
FNF:1
FNH:0
FNDA:0,showError
DA:1,7
DA:4,0
LF:2
LH:1
BRF:0
BRH:0
end_of_record
TN:
SF:client/actions/index.js
FN:3,(anonymous_0)
FNF:1
FNH:0
FNDA:0,(anonymous_0)
DA:1,7
DA:3,7
DA:4,0
LF:3
LH:2
BRF:0
BRH:0
end_of_record
TN:
SF:client/components/CoolStuff.jsx
FN:13,(anonymous_0)
FN:15,(anonymous_1)
FN:24,(anonymous_2)
FN:34,(anonymous_3)
FNF:4
FNH:3
FNDA:1,(anonymous_0)
FNDA:0,(anonymous_1)
FNDA:1,(anonymous_2)
FNDA:1,(anonymous_3)
DA:6,1
DA:9,1
DA:14,1
DA:16,0
DA:17,0
DA:18,0
DA:19,0
DA:20,0
DA:25,1
DA:34,1
DA:35,1
LF:11
LH:6
BRDA:28,0,0,1
BRDA:28,0,1,0
BRF:2
BRH:1
end_of_record
TN:
SF:client/components/Error.jsx
FN:4,(anonymous_0)
FN:17,mapStateToProps
FNF:2
FNH:2
FNDA:2,(anonymous_0)
FNDA:2,mapStateToProps
DA:4,1
DA:5,2
DA:18,2
LF:3
LH:3
BRDA:7,0,0,2
BRDA:7,0,1,0
BRF:2
BRH:1
end_of_record
TN:
SF:client/components/Footer.jsx
FN:3,Footer
FNF:1
FNH:1
FNDA:1,Footer
DA:4,1
LF:1
LH:1
BRF:0
BRH:0
end_of_record
TN:
SF:client/components/Form.jsx
FN:27,(anonymous_0)
FNF:1
FNH:1
FNDA:1,(anonymous_0)
DA:33,1
LF:1
LH:1
BRF:0
BRH:0
end_of_record
TN:
SF:client/components/Header.jsx
FN:3,Header
FNF:1
FNH:1
FNDA:1,Header
DA:4,1
LF:1
LH:1
BRF:0
BRH:0
end_of_record
TN:
SF:client/components/Hello.jsx
FN:8,(anonymous_0)
FN:22,(anonymous_1)
FN:26,(anonymous_2)
FN:40,(anonymous_3)
FNF:4
FNH:2
FNDA:1,(anonymous_0)
FNDA:0,(anonymous_1)
FNDA:0,(anonymous_2)
FNDA:1,(anonymous_3)
DA:5,1
DA:9,1
DA:22,0
DA:26,0
DA:40,1
DA:41,1
LF:6
LH:4
BRDA:11,0,0,0
BRDA:11,0,1,1
BRF:2
BRH:1
end_of_record
TN:
SF:client/components/MainMap.jsx
FN:5,App
FNF:1
FNH:1
FNDA:1,App
DA:4,1
DA:6,1
LF:2
LH:2
BRF:0
BRH:0
end_of_record
TN:
SF:client/reducers/campsites.js
FN:3,addCampsites
FNF:1
FNH:1
FNDA:22,addCampsites
DA:4,22
DA:6,0
DA:9,22
LF:3
LH:2
BRDA:3,0,0,22
BRDA:4,1,0,0
BRDA:4,1,1,22
BRF:3
BRH:2
end_of_record
TN:
SF:client/reducers/dataSet.js
FN:3,dataSet
FNF:1
FNH:1
FNDA:23,dataSet
DA:4,23
DA:5,23
LF:2
LH:2
BRDA:3,0,0,23
BRF:1
BRH:1
end_of_record
TN:
SF:client/reducers/error.js
FN:3,(anonymous_0)
FNF:1
FNH:1
FNDA:22,(anonymous_0)
DA:4,22
DA:6,0
DA:9,22
LF:3
LH:2
BRDA:3,0,0,21
BRDA:4,1,0,0
BRDA:4,1,1,22
BRF:3
BRH:2
end_of_record
TN:
SF:client/reducers/index.js
FNF:0
FNH:0
LF:0
LH:0
BRF:0
BRH:0
end_of_record
TN:
SF:client/reducers/name.js
FN:3,addingName
FNF:1
FNH:1
FNDA:22,addingName
DA:4,22
DA:6,0
DA:9,22
LF:3
LH:2
BRDA:3,0,0,22
BRDA:4,1,0,0
BRDA:4,1,1,22
BRF:3
BRH:2
end_of_record
TN:
SF:client/testing/utils.jsx
FN:12,(anonymous_0)
FNF:1
FNH:1
FNDA:8,(anonymous_0)
DA:10,7
DA:12,7
DA:16,8
LF:3
LH:3
BRDA:14,0,0,6
BRDA:14,1,0,8
BRDA:14,2,0,8
BRF:3
BRH:3
end_of_record
TN:
SF:data/trips.js
FNF:0
FNH:0
LF:0
LH:0
BRF:0
BRH:0
end_of_record
TN:
SF:server/api/getCampsites.js
FN:3,getCampsites
FNF:1
FNH:1
FNDA:1,getCampsites
DA:1,1
DA:3,1
DA:4,1
DA:7,1
LF:4
LH:4
BRF:0
BRH:0
end_of_record
