TN:
SF:client/actions/campsites.js
FN:3,addCampsites
FNF:1
FNH:1
FNDA:2,addCampsites
DA:1,9
DA:4,2
LF:2
LH:2
BRF:0
BRH:0
end_of_record
TN:
SF:client/actions/error.js
FN:3,showError
FNF:1
FNH:0
FNDA:0,showError
DA:1,8
DA:4,0
LF:2
LH:1
BRF:0
BRH:0
end_of_record
TN:
SF:client/actions/huts.js
FN:3,addHuts
FNF:1
FNH:0
FNDA:0,addHuts
DA:1,8
DA:4,0
LF:2
LH:1
BRF:0
BRH:0
end_of_record
TN:
SF:client/actions/index.js
FN:6,(anonymous_0)
FN:14,(anonymous_1)
FN:21,(anonymous_2)
FN:31,acquireName
FN:32,(anonymous_4)
FN:34,(anonymous_5)
FN:40,acquireTripDetails
FN:41,(anonymous_7)
FN:43,(anonymous_8)
FNF:9
FNH:3
FNDA:1,(anonymous_0)
FNDA:1,(anonymous_1)
FNDA:1,(anonymous_2)
FNDA:0,acquireName
FNDA:0,(anonymous_4)
FNDA:0,(anonymous_5)
FNDA:0,acquireTripDetails
FNDA:0,(anonymous_7)
FNDA:0,(anonymous_8)
DA:1,11
DA:2,11
DA:3,11
DA:4,11
DA:6,11
DA:7,1
DA:14,11
DA:15,1
DA:21,11
DA:22,1
DA:32,0
DA:33,0
DA:34,0
DA:35,0
DA:41,0
DA:42,0
DA:43,0
DA:44,0
LF:18
LH:10
BRF:0
BRH:0
end_of_record
TN:
SF:client/actions/tracks.js
FN:3,addTracks
FNF:1
FNH:0
FNDA:0,addTracks
DA:1,8
DA:4,0
LF:2
LH:1
BRF:0
BRH:0
end_of_record
TN:
SF:client/components/Error.jsx
FN:4,(anonymous_0)
FN:17,mapStateToProps
FNF:2
FNH:2
FNDA:1,(anonymous_0)
FNDA:1,mapStateToProps
DA:4,1
DA:5,1
DA:18,1
LF:3
LH:3
BRDA:7,0,0,1
BRDA:7,0,1,0
BRF:2
BRH:1
end_of_record
TN:
SF:client/components/Greeting.jsx
FN:5,(anonymous_0)
FN:20,(anonymous_1)
FNF:2
FNH:2
FNDA:1,(anonymous_0)
FNDA:1,(anonymous_1)
DA:6,1
DA:20,2
DA:21,1
LF:3
LH:3
BRDA:8,0,0,1
BRDA:8,0,1,0
BRF:2
BRH:1
end_of_record
TN:
SF:client/components/Header.jsx
FN:3,Header
FNF:1
FNH:1
FNDA:1,Header
DA:4,1
LF:1
LH:1
BRF:0
BRH:0
end_of_record
TN:
SF:client/components/Hello.jsx
FN:8,(anonymous_0)
FN:24,(anonymous_1)
FN:27,(anonymous_2)
FN:37,(anonymous_3)
FNF:4
FNH:2
FNDA:1,(anonymous_0)
FNDA:0,(anonymous_1)
FNDA:0,(anonymous_2)
FNDA:1,(anonymous_3)
DA:5,1
DA:9,1
DA:24,0
DA:27,0
DA:37,1
DA:38,1
LF:6
LH:4
BRDA:11,0,0,0
BRDA:11,0,1,1
BRF:2
BRH:1
end_of_record
TN:
SF:client/components/InfoReq.jsx
FN:10,(anonymous_0)
FN:16,(anonymous_1)
FN:35,(anonymous_2)
FNF:3
FNH:3
FNDA:1,(anonymous_0)
FNDA:2,(anonymous_1)
FNDA:1,(anonymous_2)
DA:11,1
DA:17,2
DA:35,1
DA:36,1
LF:4
LH:4
BRDA:19,0,0,2
BRDA:19,0,1,0
BRF:2
BRH:1
end_of_record
TN:
SF:client/components/Loading.jsx
FN:5,(anonymous_0)
FNF:1
FNH:1
FNDA:1,(anonymous_0)
DA:6,1
LF:1
LH:1
BRF:0
BRH:0
end_of_record
TN:
SF:client/components/RoadieForm.jsx
FN:11,RoadieForm
FN:13,(anonymous_1)
FN:19,(anonymous_2)
FN:79,(anonymous_3)
FN:89,(anonymous_4)
FNF:5
FNH:2
FNDA:1,RoadieForm
FNDA:0,(anonymous_1)
FNDA:0,(anonymous_2)
FNDA:0,(anonymous_3)
FNDA:1,(anonymous_4)
DA:12,1
DA:13,1
DA:14,0
DA:15,0
DA:18,1
DA:19,1
DA:20,0
DA:21,0
DA:30,1
DA:79,0
DA:89,2
DA:90,1
LF:12
LH:7
BRDA:32,0,0,1
BRDA:32,0,1,0
BRF:2
BRH:1
end_of_record
TN:
SF:client/components/RoadieMap.jsx
FN:43,(anonymous_0)
FN:45,(anonymous_1)
FN:48,(anonymous_2)
FN:51,(anonymous_3)
FN:57,(anonymous_4)
FN:61,(anonymous_5)
FN:67,(anonymous_6)
FN:68,(anonymous_7)
FN:69,(anonymous_8)
FN:70,(anonymous_9)
FN:71,(anonymous_10)
FN:78,(anonymous_11)
FN:93,(anonymous_12)
FNF:13
FNH:3
FNDA:1,(anonymous_0)
FNDA:0,(anonymous_1)
FNDA:0,(anonymous_2)
FNDA:0,(anonymous_3)
FNDA:0,(anonymous_4)
FNDA:1,(anonymous_5)
FNDA:0,(anonymous_6)
FNDA:0,(anonymous_7)
FNDA:0,(anonymous_8)
FNDA:0,(anonymous_9)
FNDA:0,(anonymous_10)
FNDA:0,(anonymous_11)
FNDA:1,(anonymous_12)
DA:9,2
DA:12,2
DA:14,2
DA:44,1
DA:45,0
DA:46,0
DA:48,0
DA:49,0
DA:51,0
DA:52,0
DA:58,0
DA:62,1
DA:63,1
DA:67,0
DA:68,0
DA:69,0
DA:70,0
DA:71,0
DA:78,0
DA:93,2
DA:94,1
LF:21
LH:8
BRDA:44,0,0,0
BRDA:44,0,1,1
BRDA:65,1,0,1
BRDA:65,1,1,0
BRF:4
BRH:2
end_of_record
TN:
SF:client/components/goTo.js
FN:4,(anonymous_0)
FN:17,(anonymous_1)
FN:30,(anonymous_2)
FN:43,(anonymous_3)
FN:56,(anonymous_4)
FNF:5
FNH:0
FNDA:0,(anonymous_0)
FNDA:0,(anonymous_1)
FNDA:0,(anonymous_2)
FNDA:0,(anonymous_3)
FNDA:0,(anonymous_4)
DA:4,2
DA:5,0
DA:14,0
DA:17,2
DA:18,0
DA:27,0
DA:30,2
DA:31,0
DA:40,0
DA:43,2
DA:44,0
DA:53,0
DA:56,2
DA:57,0
DA:66,0
LF:15
LH:5
BRF:0
BRH:0
end_of_record
TN:
SF:client/reducers/campsites.js
FN:3,addCampsites
FNF:1
FNH:1
FNDA:24,addCampsites
DA:4,24
DA:6,0
DA:9,24
LF:3
LH:2
BRDA:3,0,0,24
BRDA:4,1,0,0
BRDA:4,1,1,24
BRF:3
BRH:2
end_of_record
TN:
SF:client/reducers/dataSet.js
FN:3,dataSet
FNF:1
FNH:1
FNDA:25,dataSet
DA:4,25
LF:1
LH:1
BRDA:3,0,0,25
BRF:1
BRH:1
end_of_record
TN:
SF:client/reducers/error.js
FN:3,(anonymous_0)
FNF:1
FNH:1
FNDA:24,(anonymous_0)
DA:4,24
DA:6,0
DA:9,24
LF:3
LH:2
BRDA:3,0,0,24
BRDA:4,1,0,0
BRDA:4,1,1,24
BRF:3
BRH:2
end_of_record
TN:
SF:client/reducers/huts.js
FN:3,addHuts
FNF:1
FNH:1
FNDA:24,addHuts
DA:4,24
DA:6,0
DA:9,24
LF:3
LH:2
BRDA:3,0,0,24
BRDA:4,1,0,0
BRDA:4,1,1,24
BRF:3
BRH:2
end_of_record
TN:
SF:client/reducers/index.js
FNF:0
FNH:0
LF:0
LH:0
BRF:0
BRH:0
end_of_record
TN:
SF:client/reducers/name.js
FN:3,addingName
FNF:1
FNH:1
FNDA:26,addingName
DA:4,26
DA:6,1
DA:8,1
DA:11,24
LF:4
LH:4
BRDA:3,0,0,24
BRDA:4,1,0,1
BRDA:4,1,1,1
BRDA:4,1,2,24
BRF:4
BRH:4
end_of_record
TN:
SF:client/reducers/nationalParks.js
FN:3,nationalParks
FNF:1
FNH:1
FNDA:24,nationalParks
DA:4,24
LF:1
LH:1
BRDA:3,0,0,24
BRF:1
BRH:1
end_of_record
TN:
SF:client/reducers/roadieform.js
FN:3,addTripRequest
FNF:1
FNH:1
FNDA:24,addTripRequest
DA:4,24
DA:6,0
DA:9,24
LF:3
LH:2
BRDA:3,0,0,24
BRDA:4,1,0,0
BRDA:4,1,1,24
BRF:3
BRH:2
end_of_record
TN:
SF:client/reducers/tracks.js
FN:3,addTracks
FNF:1
FNH:1
FNDA:24,addTracks
DA:4,24
DA:6,0
DA:9,24
LF:3
LH:2
BRDA:3,0,0,24
BRDA:4,1,0,0
BRDA:4,1,1,24
BRF:3
BRH:2
end_of_record
TN:
SF:client/reducers/tripstatus.js
FN:3,addTripRequest
FNF:1
FNH:1
FNDA:24,addTripRequest
DA:4,24
DA:6,0
DA:9,24
LF:3
LH:2
BRDA:3,0,0,24
BRDA:4,1,0,0
BRDA:4,1,1,24
BRF:3
BRH:2
end_of_record
TN:
SF:client/reducers/waiting.js
FN:3,waiting
FNF:1
FNH:1
FNDA:27,waiting
DA:4,27
DA:6,1
DA:8,1
DA:10,1
DA:13,24
LF:5
LH:5
BRDA:3,0,0,24
BRDA:4,1,0,1
BRDA:4,1,1,1
BRDA:4,1,2,1
BRDA:4,1,3,24
BRF:5
BRH:5
end_of_record
TN:
SF:client/testing/utils.jsx
FN:12,(anonymous_0)
FNF:1
FNH:1
FNDA:8,(anonymous_0)
DA:10,8
DA:12,8
DA:16,8
LF:3
LH:3
BRDA:14,0,0,7
BRDA:14,1,0,8
BRDA:14,2,0,8
BRF:3
BRH:3
end_of_record
TN:
SF:data/nationalparks.js
FNF:0
FNH:0
LF:0
LH:0
BRF:0
BRH:0
end_of_record
TN:
SF:data/trips.js
FNF:0
FNH:0
LF:0
LH:0
BRF:0
BRH:0
end_of_record
TN:
SF:server/api/getCampsites.js
FN:3,getCampsites
FNF:1
FNH:1
FNDA:1,getCampsites
DA:1,1
DA:3,1
DA:4,1
DA:7,1
LF:4
LH:4
BRF:0
BRH:0
end_of_record
TN:
SF:server/api/getHuts.js
FN:3,getHuts
FNF:1
FNH:1
FNDA:1,getHuts
DA:1,1
DA:3,1
DA:4,1
DA:7,1
LF:4
LH:4
BRF:0
BRH:0
end_of_record
TN:
SF:server/api/getTracks.js
FN:3,getTracks
FNF:1
FNH:1
FNDA:1,getTracks
DA:1,1
DA:3,1
DA:4,1
DA:7,1
LF:4
LH:4
BRF:0
BRH:0
end_of_record
